<?xml version="1.0" encoding="UTF-8"?>
<testsuite name="edu.csula.datascience.examples.HelloTest" tests="1" skipped="0" failures="0" errors="0" timestamp="2016-05-01T19:40:57" hostname="ceejay562-HP" time="0.001">
  <properties/>
  <testcase name="getName" classname="edu.csula.datascience.examples.HelloTest" time="0.001"/>
  <system-out><![CDATA[]]></system-out>
  <system-err><![CDATA[]]></system-err>
</testsuite>
