<?xml version="1.0" encoding="UTF-8"?>
<testsuite name="edu.csula.datascience.examples.SimpleStatsTest" tests="7" skipped="0" failures="0" errors="0" timestamp="2016-05-01T19:40:57" hostname="ceejay562-HP" time="0.052">
  <properties/>
  <testcase name="median" classname="edu.csula.datascience.examples.SimpleStatsTest" time="0.001"/>
  <testcase name="max" classname="edu.csula.datascience.examples.SimpleStatsTest" time="0.0"/>
  <testcase name="min" classname="edu.csula.datascience.examples.SimpleStatsTest" time="0.0"/>
  <testcase name="sum" classname="edu.csula.datascience.examples.SimpleStatsTest" time="0.016"/>
  <testcase name="mean" classname="edu.csula.datascience.examples.SimpleStatsTest" time="0.006"/>
  <testcase name="mode" classname="edu.csula.datascience.examples.SimpleStatsTest" time="0.024"/>
  <testcase name="range" classname="edu.csula.datascience.examples.SimpleStatsTest" time="0.0"/>
  <system-out><![CDATA[]]></system-out>
  <system-err><![CDATA[]]></system-err>
</testsuite>
